<?xml version="1.0" encoding="UTF-8"?>
<!-- Generated by org.testng.reporters.JUnitReportReporter -->
<testsuite hostname="DESKTOP-9DM6QIP" failures="0" tests="2" name="com.avactis.testcases.IndexTest" time="24.211" errors="0" timestamp="2024-10-21T09:14:34 IST" skipped="0">
  <testcase classname="com.avactis.testcases.IndexTest" name="verifyTitle" time="19.679"/>
  <testcase classname="com.avactis.testcases.IndexTest" name="verifyLogo" time="4.532"/>
</testsuite> <!-- com.avactis.testcases.IndexTest -->
