<?xml version="1.0" encoding="UTF-8"?>
<!-- Generated by org.testng.reporters.JUnitReportReporter -->
<testsuite hostname="DESKTOP-9DM6QIP" failures="0" tests="1" name="com.avactis.testcases.LoginNegativeTest" time="8.399" errors="0" timestamp="2024-10-24T22:32:28 IST" skipped="0">
  <testcase classname="com.avactis.testcases.LoginNegativeTest" name="loginNegativeTest" time="8.399"/>
</testsuite> <!-- com.avactis.testcases.LoginNegativeTest -->
