<?xml version="1.0" encoding="UTF-8"?>
<!-- Generated by org.testng.reporters.JUnitReportReporter -->
<testsuite hostname="DESKTOP-9DM6QIP" failures="0" tests="1" name="com.avactis.testcases.LoginPageTest" time="18.343" errors="0" timestamp="2024-11-02T14:42:04 IST" skipped="0">
  <testcase classname="com.avactis.testcases.LoginPageTest" name="loginTest" time="18.343"/>
</testsuite> <!-- com.avactis.testcases.LoginPageTest -->
