<?xml version="1.0" encoding="UTF-8"?>
<!-- Generated by org.testng.reporters.JUnitReportReporter -->
<testsuite hostname="DESKTOP-9DM6QIP" failures="0" tests="1" name="com.avactis.testcases.LoginNegativeTest" time="7.660" errors="0" timestamp="2024-10-18T11:30:40 IST" skipped="0">
  <testcase classname="com.avactis.testcases.LoginNegativeTest" name="loginNegativeTest" time="7.660"/>
</testsuite> <!-- com.avactis.testcases.LoginNegativeTest -->
