<?xml version="1.0" encoding="UTF-8"?>
<!-- Generated by org.testng.reporters.JUnitReportReporter -->
<testsuite hostname="DESKTOP-9DM6QIP" failures="0" tests="5" name="scripts.ddt.DDTExampleAvactis" time="11.421" errors="0" timestamp="2024-11-09T21:41:28 IST" skipped="0">
  <testcase classname="scripts.ddt.DDTExampleAvactis" name="f" time="1.879"/>
  <system-out/>
  <testcase classname="scripts.ddt.DDTExampleAvactis" name="f" time="1.165"/>
  <system-out/>
  <testcase classname="scripts.ddt.DDTExampleAvactis" name="loginToNicheThyselfCSV" time="2.783"/>
  <system-out/>
  <testcase classname="scripts.ddt.DDTExampleAvactis" name="loginToNicheThyselfCSV" time="2.633"/>
  <system-out/>
  <testcase classname="scripts.ddt.DDTExampleAvactis" name="loginToNicheThyselfCSV" time="2.961"/>
  <system-out/>
</testsuite> <!-- scripts.ddt.DDTExampleAvactis -->
