<?xml version="1.0" encoding="UTF-8"?>
<!-- Generated by org.testng.reporters.JUnitReportReporter -->
<testsuite hostname="DESKTOP-9DM6QIP" failures="0" tests="2" name="Test.testng.IndexTest" time="11.683" errors="0" timestamp="2024-11-17T18:24:12 IST" skipped="0">
  <testcase classname="Test.testng.IndexTest" name="verifyLogo" time="5.730"/>
  <system-out/>
  <testcase classname="Test.testng.IndexTest" name="verifyTitle" time="5.953"/>
  <system-out/>
</testsuite> <!-- Test.testng.IndexTest -->
