<?xml version="1.0" encoding="UTF-8"?>
<!-- Generated by org.testng.reporters.JUnitReportReporter -->
<testsuite hostname="DESKTOP-9DM6QIP" failures="0" tests="1" name="com.avactis.testcases.HomePageTest" time="9.871" errors="0" timestamp="2024-10-21T09:15:21 IST" skipped="0">
  <testcase classname="com.avactis.testcases.HomePageTest" name="mycartTest" time="9.871"/>
</testsuite> <!-- com.avactis.testcases.HomePageTest -->
