<?xml version="1.0" encoding="UTF-8"?>
<!-- Generated by org.testng.reporters.JUnitReportReporter -->
<testsuite hostname="DESKTOP-9DM6QIP" failures="0" tests="2" name="com.avactis.testcases.HomePageTest" time="19.273" errors="0" timestamp="2024-10-27T20:43:04 IST" skipped="0">
  <testcase classname="com.avactis.testcases.HomePageTest" name="validateCheckout" time="11.226"/>
  <testcase classname="com.avactis.testcases.HomePageTest" name="mycartTest" time="8.047"/>
</testsuite> <!-- com.avactis.testcases.HomePageTest -->
