<?xml version="1.0" encoding="UTF-8"?>
<!-- Generated by org.testng.reporters.JUnitReportReporter -->
<testsuite hostname="DESKTOP-9DM6QIP" failures="0" tests="1" name="com.avactis.testcases.RegistrationNegativeTest" time="23.400" errors="0" timestamp="2024-11-17T10:31:30 IST" skipped="0">
  <testcase classname="com.avactis.testcases.RegistrationNegativeTest" name="registrationTest" time="23.400"/>
  <system-out/>
</testsuite> <!-- com.avactis.testcases.RegistrationNegativeTest -->
