<?xml version="1.0" encoding="UTF-8"?>
<!-- Generated by org.testng.reporters.JUnitReportReporter -->
<testsuite hostname="DESKTOP-9DM6QIP" failures="0" tests="2" name="com.avactis.testcases.RegistrationPositiveTest" time="32.495" errors="0" timestamp="2024-11-02T16:26:02 IST" skipped="0">
  <testcase classname="com.avactis.testcases.RegistrationPositiveTest" name="createRegistrationPositiveTest" time="9.351"/>
  <testcase classname="com.avactis.testcases.RegistrationPositiveTest" name="registrationTest" time="23.144"/>
</testsuite> <!-- com.avactis.testcases.RegistrationPositiveTest -->
