<?xml version="1.0" encoding="UTF-8"?>
<!-- Generated by org.testng.reporters.JUnitReportReporter -->
<testsuite hostname="DESKTOP-9DM6QIP" failures="0" tests="1" name="com.avactis.testcases.LoginNegativeTest" time="6.768" errors="0" timestamp="2024-10-27T16:43:01 IST" skipped="0">
  <testcase classname="com.avactis.testcases.LoginNegativeTest" name="loginNegativeTest" time="6.768"/>
</testsuite> <!-- com.avactis.testcases.LoginNegativeTest -->
