<?xml version="1.0" encoding="UTF-8"?>
<!-- Generated by org.testng.reporters.JUnitReportReporter -->
<testsuite hostname="DESKTOP-9DM6QIP" failures="0" tests="1" name="com.avactis.testcases.LoginNegativeTest" time="11.568" errors="0" timestamp="2024-11-02T17:03:25 IST" skipped="0">
  <testcase classname="com.avactis.testcases.LoginNegativeTest" name="loginNegativeTest" time="11.568"/>
</testsuite> <!-- com.avactis.testcases.LoginNegativeTest -->
