<?xml version="1.0" encoding="UTF-8"?>
<!-- Generated by org.testng.reporters.JUnitReportReporter -->
<testsuite hostname="DESKTOP-9DM6QIP" failures="0" tests="2" name="scripts.ddt.DDTExampleAvactis" time="0.081" errors="0" timestamp="2024-11-03T22:05:30 IST" skipped="0">
  <testcase classname="scripts.ddt.DDTExampleAvactis" name="f" time="0.002"/>
  <system-out/>
  <testcase classname="scripts.ddt.DDTExampleAvactis" name="f" time="0.079"/>
  <system-out/>
</testsuite> <!-- scripts.ddt.DDTExampleAvactis -->
