<?xml version="1.0" encoding="UTF-8"?>
<!-- Generated by org.testng.reporters.JUnitReportReporter -->
<testsuite hostname="DESKTOP-9DM6QIP" failures="0" tests="2" name="com.avactis.testcases.HomePageTest" time="28.017" errors="0" timestamp="2024-11-01T11:14:13 IST" skipped="0">
  <testcase classname="com.avactis.testcases.HomePageTest" name="validateCheckout" time="14.270"/>
  <testcase classname="com.avactis.testcases.HomePageTest" name="mycartTest" time="13.747"/>
</testsuite> <!-- com.avactis.testcases.HomePageTest -->
