<?xml version="1.0" encoding="UTF-8"?>
<!-- Generated by org.testng.reporters.JUnitReportReporter -->
<testsuite hostname="DESKTOP-9DM6QIP" failures="0" tests="2" name="Test.testng.HomePageTest" time="28.731" errors="0" timestamp="2024-11-17T18:24:12 IST" skipped="0">
  <testcase classname="Test.testng.HomePageTest" name="mycartTest" time="14.190"/>
  <system-out/>
  <testcase classname="Test.testng.HomePageTest" name="validateCheckout" time="14.541"/>
  <system-out/>
</testsuite> <!-- Test.testng.HomePageTest -->
