<?xml version="1.0" encoding="UTF-8"?>
<!-- Generated by org.testng.reporters.JUnitReportReporter -->
<testsuite hostname="DESKTOP-9DM6QIP" failures="0" tests="1" name="com.avactis.testcases.LoginNegativeTest" time="17.144" errors="0" timestamp="2024-11-17T12:01:03 IST" skipped="0">
  <testcase classname="com.avactis.testcases.LoginNegativeTest" name="loginNegativeTest" time="17.144"/>
  <system-out/>
</testsuite> <!-- com.avactis.testcases.LoginNegativeTest -->
