<?xml version="1.0" encoding="UTF-8"?>
<!-- Generated by org.testng.reporters.JUnitReportReporter -->
<testsuite hostname="DESKTOP-9DM6QIP" failures="0" tests="2" name="Test.testng.HomePageTest" time="14.949" errors="0" timestamp="2024-11-03T19:54:43 IST" skipped="0">
  <testcase classname="Test.testng.HomePageTest" name="mycartTest" time="7.112"/>
  <system-out/>
  <testcase classname="Test.testng.HomePageTest" name="validateCheckout" time="7.837"/>
  <system-out/>
</testsuite> <!-- Test.testng.HomePageTest -->
