<?xml version="1.0" encoding="UTF-8"?>
<!-- Generated by org.testng.reporters.JUnitReportReporter -->
<testsuite hostname="DESKTOP-9DM6QIP" failures="0" tests="1" name="com.avactis.testcases.RegistrationTest" time="9.114" errors="0" timestamp="2024-11-02T13:20:31 IST" skipped="0">
  <testcase classname="com.avactis.testcases.RegistrationTest" name="createRegistrationPositiveTest" time="9.114"/>
</testsuite> <!-- com.avactis.testcases.RegistrationTest -->
