<?xml version="1.0" encoding="UTF-8"?>
<!-- Generated by org.testng.reporters.JUnitReportReporter -->
<testsuite hostname="DESKTOP-9DM6QIP" failures="0" tests="1" name="com.avactis.testcases.LoginPageTest" time="16.063" errors="0" timestamp="2024-11-02T15:13:08 IST" skipped="0">
  <testcase classname="com.avactis.testcases.LoginPageTest" name="loginTest" time="16.063"/>
</testsuite> <!-- com.avactis.testcases.LoginPageTest -->
