<?xml version="1.0" encoding="UTF-8"?>
<!-- Generated by org.testng.reporters.JUnitReportReporter -->
<testsuite hostname="DESKTOP-9DM6QIP" failures="0" tests="1" name="com.avactis.testcases.RegistrationTest" time="10.498" errors="0" timestamp="2024-10-28T01:22:30 IST" skipped="0">
  <testcase classname="com.avactis.testcases.RegistrationTest" name="createRegistrationPositiveTest" time="10.498"/>
</testsuite> <!-- com.avactis.testcases.RegistrationTest -->
