<?xml version="1.0" encoding="UTF-8"?>
<!-- Generated by org.testng.reporters.JUnitReportReporter -->
<testsuite hostname="DESKTOP-9DM6QIP" failures="0" tests="2" name="com.avactis.testcases.IndexTest" time="28.167" errors="0" timestamp="2024-10-15T22:18:43 IST" skipped="0">
  <testcase classname="com.avactis.testcases.IndexTest" name="verifyLogo" time="24.047"/>
  <testcase classname="com.avactis.testcases.IndexTest" name="verifyTitle" time="4.120"/>
</testsuite> <!-- com.avactis.testcases.IndexTest -->
