<?xml version="1.0" encoding="UTF-8"?>
<!-- Generated by org.testng.reporters.JUnitReportReporter -->
<testsuite hostname="DESKTOP-9DM6QIP" failures="0" tests="2" name="Test.testng.IndexTest" time="4.983" errors="0" timestamp="2024-11-03T19:54:43 IST" skipped="0">
  <testcase classname="Test.testng.IndexTest" name="verifyTitle" time="2.434"/>
  <system-out/>
  <testcase classname="Test.testng.IndexTest" name="verifyLogo" time="2.549"/>
  <system-out/>
</testsuite> <!-- Test.testng.IndexTest -->
