<?xml version="1.0" encoding="UTF-8"?>
<!-- Generated by org.testng.reporters.JUnitReportReporter -->
<testsuite hostname="DESKTOP-9DM6QIP" failures="0" tests="1" name="Test.testng.LoginPageTest" time="16.421" errors="0" timestamp="2024-11-17T18:24:12 IST" skipped="0">
  <testcase classname="Test.testng.LoginPageTest" name="loginTest" time="16.421"/>
  <system-out/>
</testsuite> <!-- Test.testng.LoginPageTest -->
