<?xml version="1.0" encoding="UTF-8"?>
<!-- Generated by org.testng.reporters.JUnitReportReporter -->
<testsuite hostname="DESKTOP-9DM6QIP" failures="0" tests="2" name="com.avactis.testcases.HomePageTest" time="13.916" errors="0" timestamp="2024-10-27T16:42:35 IST" skipped="0">
  <testcase classname="com.avactis.testcases.HomePageTest" name="validateCheckout" time="7.070"/>
  <testcase classname="com.avactis.testcases.HomePageTest" name="mycartTest" time="6.846"/>
</testsuite> <!-- com.avactis.testcases.HomePageTest -->
