<?xml version="1.0" encoding="UTF-8"?>
<!-- Generated by org.testng.reporters.JUnitReportReporter -->
<testsuite hostname="DESKTOP-9DM6QIP" failures="0" tests="2" name="com.avactis.testcases.RegistrationPositiveTest" time="27.330" errors="0" timestamp="2024-11-02T16:53:45 IST" skipped="0">
  <testcase classname="com.avactis.testcases.RegistrationPositiveTest" name="createRegistrationPositiveTest" time="9.092"/>
  <testcase classname="com.avactis.testcases.RegistrationPositiveTest" name="registrationTest" time="18.238"/>
</testsuite> <!-- com.avactis.testcases.RegistrationPositiveTest -->
