<?xml version="1.0" encoding="UTF-8"?>
<!-- Generated by org.testng.reporters.JUnitReportReporter -->
<testsuite hostname="DESKTOP-9DM6QIP" failures="0" tests="2" name="com.avactis.testcases.IndexTest" time="9.013" errors="0" timestamp="2024-10-13T22:39:23 IST" skipped="0">
  <testcase classname="com.avactis.testcases.IndexTest" name="verifyTitle" time="5.366"/>
  <testcase classname="com.avactis.testcases.IndexTest" name="verifyLogo" time="3.647"/>
</testsuite> <!-- com.avactis.testcases.IndexTest -->
